[2015-03-12 09:45:52] production.ERROR: exception 'ErrorException' with message 'file_put_contents(/var/www/app/storage/sessions/92b115fb447482d2498d80f950355864fc583d49): failed to open stream: No such file or directory' in /var/www/vendor/laravel/framework/src/Illuminate/Filesystem/Filesystem.php:71
Stack trace:
#0 [internal function]: Illuminate\Exception\Handler->handleError(2, 'file_put_conten...', '/var/www/vendor...', 71, Array)
#1 /var/www/vendor/laravel/framework/src/Illuminate/Filesystem/Filesystem.php(71): file_put_contents('/var/www/app/st...', 'a:3:{s:6:"_toke...')
#2 /var/www/vendor/laravel/framework/src/Illuminate/Session/FileSessionHandler.php(71): Illuminate\Filesystem\Filesystem->put('/var/www/app/st...', 'a:3:{s:6:"_toke...')
#3 /var/www/vendor/laravel/framework/src/Illuminate/Session/Store.php(220): Illuminate\Session\FileSessionHandler->write('92b115fb447482d...', 'a:3:{s:6:"_toke...')
#4 /var/www/vendor/laravel/framework/src/Illuminate/Session/Middleware.php(126): Illuminate\Session\Store->save()
#5 /var/www/vendor/laravel/framework/src/Illuminate/Session/Middleware.php(79): Illuminate\Session\Middleware->closeSession(Object(Illuminate\Session\Store))
#6 /var/www/vendor/laravel/framework/src/Illuminate/Cookie/Queue.php(47): Illuminate\Session\Middleware->handle(Object(Illuminate\Http\Request), 1, true)
#7 /var/www/vendor/laravel/framework/src/Illuminate/Cookie/Guard.php(51): Illuminate\Cookie\Queue->handle(Object(Illuminate\Http\Request), 1, true)
#8 /var/www/vendor/stack/builder/src/Stack/StackedHttpKernel.php(23): Illuminate\Cookie\Guard->handle(Object(Illuminate\Http\Request), 1, true)
#9 /var/www/vendor/laravel/framework/src/Illuminate/Foundation/Application.php(606): Stack\StackedHttpKernel->handle(Object(Illuminate\Http\Request))
#10 /var/www/public/index.php(49): Illuminate\Foundation\Application->run()
#11 {main} [] []
[2015-03-12 09:46:14] production.ERROR: exception 'ErrorException' with message 'file_put_contents(/var/www/app/storage/sessions/5fa7aea26d3f49de98ccc637ffcf64db222dc054): failed to open stream: No such file or directory' in /var/www/vendor/laravel/framework/src/Illuminate/Filesystem/Filesystem.php:71
Stack trace:
#0 [internal function]: Illuminate\Exception\Handler->handleError(2, 'file_put_conten...', '/var/www/vendor...', 71, Array)
#1 /var/www/vendor/laravel/framework/src/Illuminate/Filesystem/Filesystem.php(71): file_put_contents('/var/www/app/st...', 'a:3:{s:6:"_toke...')
#2 /var/www/vendor/laravel/framework/src/Illuminate/Session/FileSessionHandler.php(71): Illuminate\Filesystem\Filesystem->put('/var/www/app/st...', 'a:3:{s:6:"_toke...')
#3 /var/www/vendor/laravel/framework/src/Illuminate/Session/Store.php(220): Illuminate\Session\FileSessionHandler->write('5fa7aea26d3f49d...', 'a:3:{s:6:"_toke...')
#4 /var/www/vendor/laravel/framework/src/Illuminate/Session/Middleware.php(126): Illuminate\Session\Store->save()
#5 /var/www/vendor/laravel/framework/src/Illuminate/Session/Middleware.php(79): Illuminate\Session\Middleware->closeSession(Object(Illuminate\Session\Store))
#6 /var/www/vendor/laravel/framework/src/Illuminate/Cookie/Queue.php(47): Illuminate\Session\Middleware->handle(Object(Illuminate\Http\Request), 1, true)
#7 /var/www/vendor/laravel/framework/src/Illuminate/Cookie/Guard.php(51): Illuminate\Cookie\Queue->handle(Object(Illuminate\Http\Request), 1, true)
#8 /var/www/vendor/stack/builder/src/Stack/StackedHttpKernel.php(23): Illuminate\Cookie\Guard->handle(Object(Illuminate\Http\Request), 1, true)
#9 /var/www/vendor/laravel/framework/src/Illuminate/Foundation/Application.php(606): Stack\StackedHttpKernel->handle(Object(Illuminate\Http\Request))
#10 /var/www/public/index.php(49): Illuminate\Foundation\Application->run()
#11 {main} [] []
[2015-03-12 09:46:41] production.ERROR: exception 'ErrorException' with message 'file_put_contents(/var/www/app/storage/sessions/c889b8cb6e98c3b11587106c7483a69ec4b0e709): failed to open stream: No such file or directory' in /var/www/vendor/laravel/framework/src/Illuminate/Filesystem/Filesystem.php:71
Stack trace:
#0 [internal function]: Illuminate\Exception\Handler->handleError(2, 'file_put_conten...', '/var/www/vendor...', 71, Array)
#1 /var/www/vendor/laravel/framework/src/Illuminate/Filesystem/Filesystem.php(71): file_put_contents('/var/www/app/st...', 'a:3:{s:6:"_toke...')
#2 /var/www/vendor/laravel/framework/src/Illuminate/Session/FileSessionHandler.php(71): Illuminate\Filesystem\Filesystem->put('/var/www/app/st...', 'a:3:{s:6:"_toke...')
#3 /var/www/vendor/laravel/framework/src/Illuminate/Session/Store.php(220): Illuminate\Session\FileSessionHandler->write('c889b8cb6e98c3b...', 'a:3:{s:6:"_toke...')
#4 /var/www/vendor/laravel/framework/src/Illuminate/Session/Middleware.php(126): Illuminate\Session\Store->save()
#5 /var/www/vendor/laravel/framework/src/Illuminate/Session/Middleware.php(79): Illuminate\Session\Middleware->closeSession(Object(Illuminate\Session\Store))
#6 /var/www/vendor/laravel/framework/src/Illuminate/Cookie/Queue.php(47): Illuminate\Session\Middleware->handle(Object(Illuminate\Http\Request), 1, true)
#7 /var/www/vendor/laravel/framework/src/Illuminate/Cookie/Guard.php(51): Illuminate\Cookie\Queue->handle(Object(Illuminate\Http\Request), 1, true)
#8 /var/www/vendor/stack/builder/src/Stack/StackedHttpKernel.php(23): Illuminate\Cookie\Guard->handle(Object(Illuminate\Http\Request), 1, true)
#9 /var/www/vendor/laravel/framework/src/Illuminate/Foundation/Application.php(606): Stack\StackedHttpKernel->handle(Object(Illuminate\Http\Request))
#10 /var/www/public/index.php(49): Illuminate\Foundation\Application->run()
#11 {main} [] []
[2015-03-12 09:46:53] production.ERROR: exception 'ErrorException' with message 'file_put_contents(/var/www/app/storage/sessions/610fc3664bdc5d53140c675b1067ddbf14178aeb): failed to open stream: No such file or directory' in /var/www/vendor/laravel/framework/src/Illuminate/Filesystem/Filesystem.php:71
Stack trace:
#0 [internal function]: Illuminate\Exception\Handler->handleError(2, 'file_put_conten...', '/var/www/vendor...', 71, Array)
#1 /var/www/vendor/laravel/framework/src/Illuminate/Filesystem/Filesystem.php(71): file_put_contents('/var/www/app/st...', 'a:3:{s:6:"_toke...')
#2 /var/www/vendor/laravel/framework/src/Illuminate/Session/FileSessionHandler.php(71): Illuminate\Filesystem\Filesystem->put('/var/www/app/st...', 'a:3:{s:6:"_toke...')
#3 /var/www/vendor/laravel/framework/src/Illuminate/Session/Store.php(220): Illuminate\Session\FileSessionHandler->write('610fc3664bdc5d5...', 'a:3:{s:6:"_toke...')
#4 /var/www/vendor/laravel/framework/src/Illuminate/Session/Middleware.php(126): Illuminate\Session\Store->save()
#5 /var/www/vendor/laravel/framework/src/Illuminate/Session/Middleware.php(79): Illuminate\Session\Middleware->closeSession(Object(Illuminate\Session\Store))
#6 /var/www/vendor/laravel/framework/src/Illuminate/Cookie/Queue.php(47): Illuminate\Session\Middleware->handle(Object(Illuminate\Http\Request), 1, true)
#7 /var/www/vendor/laravel/framework/src/Illuminate/Cookie/Guard.php(51): Illuminate\Cookie\Queue->handle(Object(Illuminate\Http\Request), 1, true)
#8 /var/www/vendor/stack/builder/src/Stack/StackedHttpKernel.php(23): Illuminate\Cookie\Guard->handle(Object(Illuminate\Http\Request), 1, true)
#9 /var/www/vendor/laravel/framework/src/Illuminate/Foundation/Application.php(606): Stack\StackedHttpKernel->handle(Object(Illuminate\Http\Request))
#10 /var/www/public/index.php(49): Illuminate\Foundation\Application->run()
#11 {main} [] []
[2015-03-12 09:47:27] production.ERROR: exception 'ErrorException' with message 'file_put_contents(/var/www/app/storage/sessions/4d7615ed87b5cc7863716eae5361ef05176b2287): failed to open stream: No such file or directory' in /var/www/vendor/laravel/framework/src/Illuminate/Filesystem/Filesystem.php:71
Stack trace:
#0 [internal function]: Illuminate\Exception\Handler->handleError(2, 'file_put_conten...', '/var/www/vendor...', 71, Array)
#1 /var/www/vendor/laravel/framework/src/Illuminate/Filesystem/Filesystem.php(71): file_put_contents('/var/www/app/st...', 'a:3:{s:6:"_toke...')
#2 /var/www/vendor/laravel/framework/src/Illuminate/Session/FileSessionHandler.php(71): Illuminate\Filesystem\Filesystem->put('/var/www/app/st...', 'a:3:{s:6:"_toke...')
#3 /var/www/vendor/laravel/framework/src/Illuminate/Session/Store.php(220): Illuminate\Session\FileSessionHandler->write('4d7615ed87b5cc7...', 'a:3:{s:6:"_toke...')
#4 /var/www/vendor/laravel/framework/src/Illuminate/Session/Middleware.php(126): Illuminate\Session\Store->save()
#5 /var/www/vendor/laravel/framework/src/Illuminate/Session/Middleware.php(79): Illuminate\Session\Middleware->closeSession(Object(Illuminate\Session\Store))
#6 /var/www/vendor/laravel/framework/src/Illuminate/Cookie/Queue.php(47): Illuminate\Session\Middleware->handle(Object(Illuminate\Http\Request), 1, true)
#7 /var/www/vendor/laravel/framework/src/Illuminate/Cookie/Guard.php(51): Illuminate\Cookie\Queue->handle(Object(Illuminate\Http\Request), 1, true)
#8 /var/www/vendor/stack/builder/src/Stack/StackedHttpKernel.php(23): Illuminate\Cookie\Guard->handle(Object(Illuminate\Http\Request), 1, true)
#9 /var/www/vendor/laravel/framework/src/Illuminate/Foundation/Application.php(606): Stack\StackedHttpKernel->handle(Object(Illuminate\Http\Request))
#10 /var/www/public/index.php(49): Illuminate\Foundation\Application->run()
#11 {main} [] []
[2015-03-12 09:47:28] production.ERROR: exception 'ErrorException' with message 'file_put_contents(/var/www/app/storage/sessions/98e6a03b960ed7aee73a6a15be9b00c6ecb04c44): failed to open stream: No such file or directory' in /var/www/vendor/laravel/framework/src/Illuminate/Filesystem/Filesystem.php:71
Stack trace:
#0 [internal function]: Illuminate\Exception\Handler->handleError(2, 'file_put_conten...', '/var/www/vendor...', 71, Array)
#1 /var/www/vendor/laravel/framework/src/Illuminate/Filesystem/Filesystem.php(71): file_put_contents('/var/www/app/st...', 'a:3:{s:6:"_toke...')
#2 /var/www/vendor/laravel/framework/src/Illuminate/Session/FileSessionHandler.php(71): Illuminate\Filesystem\Filesystem->put('/var/www/app/st...', 'a:3:{s:6:"_toke...')
#3 /var/www/vendor/laravel/framework/src/Illuminate/Session/Store.php(220): Illuminate\Session\FileSessionHandler->write('98e6a03b960ed7a...', 'a:3:{s:6:"_toke...')
#4 /var/www/vendor/laravel/framework/src/Illuminate/Session/Middleware.php(126): Illuminate\Session\Store->save()
#5 /var/www/vendor/laravel/framework/src/Illuminate/Session/Middleware.php(79): Illuminate\Session\Middleware->closeSession(Object(Illuminate\Session\Store))
#6 /var/www/vendor/laravel/framework/src/Illuminate/Cookie/Queue.php(47): Illuminate\Session\Middleware->handle(Object(Illuminate\Http\Request), 1, true)
#7 /var/www/vendor/laravel/framework/src/Illuminate/Cookie/Guard.php(51): Illuminate\Cookie\Queue->handle(Object(Illuminate\Http\Request), 1, true)
#8 /var/www/vendor/stack/builder/src/Stack/StackedHttpKernel.php(23): Illuminate\Cookie\Guard->handle(Object(Illuminate\Http\Request), 1, true)
#9 /var/www/vendor/laravel/framework/src/Illuminate/Foundation/Application.php(606): Stack\StackedHttpKernel->handle(Object(Illuminate\Http\Request))
#10 /var/www/public/index.php(49): Illuminate\Foundation\Application->run()
#11 {main} [] []
[2015-03-12 09:47:29] production.ERROR: exception 'ErrorException' with message 'file_put_contents(/var/www/app/storage/sessions/58d3e49f941b10c9eb644563a4b41b5dac5f608b): failed to open stream: No such file or directory' in /var/www/vendor/laravel/framework/src/Illuminate/Filesystem/Filesystem.php:71
Stack trace:
#0 [internal function]: Illuminate\Exception\Handler->handleError(2, 'file_put_conten...', '/var/www/vendor...', 71, Array)
#1 /var/www/vendor/laravel/framework/src/Illuminate/Filesystem/Filesystem.php(71): file_put_contents('/var/www/app/st...', 'a:3:{s:6:"_toke...')
#2 /var/www/vendor/laravel/framework/src/Illuminate/Session/FileSessionHandler.php(71): Illuminate\Filesystem\Filesystem->put('/var/www/app/st...', 'a:3:{s:6:"_toke...')
#3 /var/www/vendor/laravel/framework/src/Illuminate/Session/Store.php(220): Illuminate\Session\FileSessionHandler->write('58d3e49f941b10c...', 'a:3:{s:6:"_toke...')
#4 /var/www/vendor/laravel/framework/src/Illuminate/Session/Middleware.php(126): Illuminate\Session\Store->save()
#5 /var/www/vendor/laravel/framework/src/Illuminate/Session/Middleware.php(79): Illuminate\Session\Middleware->closeSession(Object(Illuminate\Session\Store))
#6 /var/www/vendor/laravel/framework/src/Illuminate/Cookie/Queue.php(47): Illuminate\Session\Middleware->handle(Object(Illuminate\Http\Request), 1, true)
#7 /var/www/vendor/laravel/framework/src/Illuminate/Cookie/Guard.php(51): Illuminate\Cookie\Queue->handle(Object(Illuminate\Http\Request), 1, true)
#8 /var/www/vendor/stack/builder/src/Stack/StackedHttpKernel.php(23): Illuminate\Cookie\Guard->handle(Object(Illuminate\Http\Request), 1, true)
#9 /var/www/vendor/laravel/framework/src/Illuminate/Foundation/Application.php(606): Stack\StackedHttpKernel->handle(Object(Illuminate\Http\Request))
#10 /var/www/public/index.php(49): Illuminate\Foundation\Application->run()
#11 {main} [] []
[2015-03-12 09:48:34] production.ERROR: exception 'ErrorException' with message 'file_put_contents(/var/www/app/storage/sessions/de540e2831b4199d3a72d6828abae1be82a05cfa): failed to open stream: No such file or directory' in /var/www/vendor/laravel/framework/src/Illuminate/Filesystem/Filesystem.php:71
Stack trace:
#0 [internal function]: Illuminate\Exception\Handler->handleError(2, 'file_put_conten...', '/var/www/vendor...', 71, Array)
#1 /var/www/vendor/laravel/framework/src/Illuminate/Filesystem/Filesystem.php(71): file_put_contents('/var/www/app/st...', 'a:3:{s:6:"_toke...')
#2 /var/www/vendor/laravel/framework/src/Illuminate/Session/FileSessionHandler.php(71): Illuminate\Filesystem\Filesystem->put('/var/www/app/st...', 'a:3:{s:6:"_toke...')
#3 /var/www/vendor/laravel/framework/src/Illuminate/Session/Store.php(220): Illuminate\Session\FileSessionHandler->write('de540e2831b4199...', 'a:3:{s:6:"_toke...')
#4 /var/www/vendor/laravel/framework/src/Illuminate/Session/Middleware.php(126): Illuminate\Session\Store->save()
#5 /var/www/vendor/laravel/framework/src/Illuminate/Session/Middleware.php(79): Illuminate\Session\Middleware->closeSession(Object(Illuminate\Session\Store))
#6 /var/www/vendor/laravel/framework/src/Illuminate/Cookie/Queue.php(47): Illuminate\Session\Middleware->handle(Object(Illuminate\Http\Request), 1, true)
#7 /var/www/vendor/laravel/framework/src/Illuminate/Cookie/Guard.php(51): Illuminate\Cookie\Queue->handle(Object(Illuminate\Http\Request), 1, true)
#8 /var/www/vendor/stack/builder/src/Stack/StackedHttpKernel.php(23): Illuminate\Cookie\Guard->handle(Object(Illuminate\Http\Request), 1, true)
#9 /var/www/vendor/laravel/framework/src/Illuminate/Foundation/Application.php(606): Stack\StackedHttpKernel->handle(Object(Illuminate\Http\Request))
#10 /var/www/public/index.php(49): Illuminate\Foundation\Application->run()
#11 {main} [] []
[2015-03-12 09:49:05] production.ERROR: exception 'ErrorException' with message 'file_put_contents(/var/www/app/storage/sessions/79c474d9cb0c0d339f45bcdf460cb5b355f3ca3e): failed to open stream: No such file or directory' in /var/www/vendor/laravel/framework/src/Illuminate/Filesystem/Filesystem.php:71
Stack trace:
#0 [internal function]: Illuminate\Exception\Handler->handleError(2, 'file_put_conten...', '/var/www/vendor...', 71, Array)
#1 /var/www/vendor/laravel/framework/src/Illuminate/Filesystem/Filesystem.php(71): file_put_contents('/var/www/app/st...', 'a:3:{s:6:"_toke...')
#2 /var/www/vendor/laravel/framework/src/Illuminate/Session/FileSessionHandler.php(71): Illuminate\Filesystem\Filesystem->put('/var/www/app/st...', 'a:3:{s:6:"_toke...')
#3 /var/www/vendor/laravel/framework/src/Illuminate/Session/Store.php(220): Illuminate\Session\FileSessionHandler->write('79c474d9cb0c0d3...', 'a:3:{s:6:"_toke...')
#4 /var/www/vendor/laravel/framework/src/Illuminate/Session/Middleware.php(126): Illuminate\Session\Store->save()
#5 /var/www/vendor/laravel/framework/src/Illuminate/Session/Middleware.php(79): Illuminate\Session\Middleware->closeSession(Object(Illuminate\Session\Store))
#6 /var/www/vendor/laravel/framework/src/Illuminate/Cookie/Queue.php(47): Illuminate\Session\Middleware->handle(Object(Illuminate\Http\Request), 1, true)
#7 /var/www/vendor/laravel/framework/src/Illuminate/Cookie/Guard.php(51): Illuminate\Cookie\Queue->handle(Object(Illuminate\Http\Request), 1, true)
#8 /var/www/vendor/stack/builder/src/Stack/StackedHttpKernel.php(23): Illuminate\Cookie\Guard->handle(Object(Illuminate\Http\Request), 1, true)
#9 /var/www/vendor/laravel/framework/src/Illuminate/Foundation/Application.php(606): Stack\StackedHttpKernel->handle(Object(Illuminate\Http\Request))
#10 /var/www/public/index.php(49): Illuminate\Foundation\Application->run()
#11 {main} [] []
[2015-03-12 10:21:00] production.ERROR: exception 'ErrorException' with message 'file_put_contents(/var/www/app/storage/sessions/297ca494c4feb2ce0ea74c06cf71efcdde205c55): failed to open stream: No such file or directory' in /var/www/vendor/laravel/framework/src/Illuminate/Filesystem/Filesystem.php:71
Stack trace:
#0 [internal function]: Illuminate\Exception\Handler->handleError(2, 'file_put_conten...', '/var/www/vendor...', 71, Array)
#1 /var/www/vendor/laravel/framework/src/Illuminate/Filesystem/Filesystem.php(71): file_put_contents('/var/www/app/st...', 'a:3:{s:6:"_toke...')
#2 /var/www/vendor/laravel/framework/src/Illuminate/Session/FileSessionHandler.php(71): Illuminate\Filesystem\Filesystem->put('/var/www/app/st...', 'a:3:{s:6:"_toke...')
#3 /var/www/vendor/laravel/framework/src/Illuminate/Session/Store.php(220): Illuminate\Session\FileSessionHandler->write('297ca494c4feb2c...', 'a:3:{s:6:"_toke...')
#4 /var/www/vendor/laravel/framework/src/Illuminate/Session/Middleware.php(126): Illuminate\Session\Store->save()
#5 /var/www/vendor/laravel/framework/src/Illuminate/Session/Middleware.php(79): Illuminate\Session\Middleware->closeSession(Object(Illuminate\Session\Store))
#6 /var/www/vendor/laravel/framework/src/Illuminate/Cookie/Queue.php(47): Illuminate\Session\Middleware->handle(Object(Illuminate\Http\Request), 1, true)
#7 /var/www/vendor/laravel/framework/src/Illuminate/Cookie/Guard.php(51): Illuminate\Cookie\Queue->handle(Object(Illuminate\Http\Request), 1, true)
#8 /var/www/vendor/stack/builder/src/Stack/StackedHttpKernel.php(23): Illuminate\Cookie\Guard->handle(Object(Illuminate\Http\Request), 1, true)
#9 /var/www/vendor/laravel/framework/src/Illuminate/Foundation/Application.php(606): Stack\StackedHttpKernel->handle(Object(Illuminate\Http\Request))
#10 /var/www/public/index.php(49): Illuminate\Foundation\Application->run()
#11 {main} [] []
[2015-03-12 10:54:13] production.ERROR: exception 'ErrorException' with message 'file_put_contents(/var/www/app/storage/sessions/d7ddc949b78e49e11ddb913f13f6b1d04d89e296): failed to open stream: No such file or directory' in /var/www/vendor/laravel/framework/src/Illuminate/Filesystem/Filesystem.php:71
Stack trace:
#0 [internal function]: Illuminate\Exception\Handler->handleError(2, 'file_put_conten...', '/var/www/vendor...', 71, Array)
#1 /var/www/vendor/laravel/framework/src/Illuminate/Filesystem/Filesystem.php(71): file_put_contents('/var/www/app/st...', 'a:3:{s:6:"_toke...')
#2 /var/www/vendor/laravel/framework/src/Illuminate/Session/FileSessionHandler.php(71): Illuminate\Filesystem\Filesystem->put('/var/www/app/st...', 'a:3:{s:6:"_toke...')
#3 /var/www/vendor/laravel/framework/src/Illuminate/Session/Store.php(220): Illuminate\Session\FileSessionHandler->write('d7ddc949b78e49e...', 'a:3:{s:6:"_toke...')
#4 /var/www/vendor/laravel/framework/src/Illuminate/Session/Middleware.php(126): Illuminate\Session\Store->save()
#5 /var/www/vendor/laravel/framework/src/Illuminate/Session/Middleware.php(79): Illuminate\Session\Middleware->closeSession(Object(Illuminate\Session\Store))
#6 /var/www/vendor/laravel/framework/src/Illuminate/Cookie/Queue.php(47): Illuminate\Session\Middleware->handle(Object(Illuminate\Http\Request), 1, true)
#7 /var/www/vendor/laravel/framework/src/Illuminate/Cookie/Guard.php(51): Illuminate\Cookie\Queue->handle(Object(Illuminate\Http\Request), 1, true)
#8 /var/www/vendor/stack/builder/src/Stack/StackedHttpKernel.php(23): Illuminate\Cookie\Guard->handle(Object(Illuminate\Http\Request), 1, true)
#9 /var/www/vendor/laravel/framework/src/Illuminate/Foundation/Application.php(606): Stack\StackedHttpKernel->handle(Object(Illuminate\Http\Request))
#10 /var/www/public/index.php(49): Illuminate\Foundation\Application->run()
#11 {main} [] []
[2015-03-12 10:59:42] production.ERROR: exception 'ErrorException' with message 'file_put_contents(/var/www/app/storage/sessions/327dd42ecf0f0f481da40d44f5df6f0fc356ef17): failed to open stream: No such file or directory' in /var/www/vendor/laravel/framework/src/Illuminate/Filesystem/Filesystem.php:71
Stack trace:
#0 [internal function]: Illuminate\Exception\Handler->handleError(2, 'file_put_conten...', '/var/www/vendor...', 71, Array)
#1 /var/www/vendor/laravel/framework/src/Illuminate/Filesystem/Filesystem.php(71): file_put_contents('/var/www/app/st...', 'a:3:{s:6:"_toke...')
#2 /var/www/vendor/laravel/framework/src/Illuminate/Session/FileSessionHandler.php(71): Illuminate\Filesystem\Filesystem->put('/var/www/app/st...', 'a:3:{s:6:"_toke...')
#3 /var/www/vendor/laravel/framework/src/Illuminate/Session/Store.php(220): Illuminate\Session\FileSessionHandler->write('327dd42ecf0f0f4...', 'a:3:{s:6:"_toke...')
#4 /var/www/vendor/laravel/framework/src/Illuminate/Session/Middleware.php(126): Illuminate\Session\Store->save()
#5 /var/www/vendor/laravel/framework/src/Illuminate/Session/Middleware.php(79): Illuminate\Session\Middleware->closeSession(Object(Illuminate\Session\Store))
#6 /var/www/vendor/laravel/framework/src/Illuminate/Cookie/Queue.php(47): Illuminate\Session\Middleware->handle(Object(Illuminate\Http\Request), 1, true)
#7 /var/www/vendor/laravel/framework/src/Illuminate/Cookie/Guard.php(51): Illuminate\Cookie\Queue->handle(Object(Illuminate\Http\Request), 1, true)
#8 /var/www/vendor/stack/builder/src/Stack/StackedHttpKernel.php(23): Illuminate\Cookie\Guard->handle(Object(Illuminate\Http\Request), 1, true)
#9 /var/www/vendor/laravel/framework/src/Illuminate/Foundation/Application.php(606): Stack\StackedHttpKernel->handle(Object(Illuminate\Http\Request))
#10 /var/www/public/index.php(49): Illuminate\Foundation\Application->run()
#11 {main} [] []
